<?xml version="1.0" encoding="UTF-8"?>
<!-- Generated by org.testng.reporters.JUnitXMLReporter -->
<testsuite ignored="0" hostname="LAPTOP-H6GR4PVD" failures="0" tests="5" name="Regression Test" time="96.955" errors="0" timestamp="2020-09-17T15:59:02 IST">
  <testcase classname="tests.Login_Test" name="loginSuccessful_TC" time="8.602"/>
  <testcase classname="tests.Login_Test" name="logoutSuccessful_TC" time="6.411"/>
  <testcase classname="tests.Product_Test" name="RemoveProductFromCart_TC" time="12.891"/>
  <testcase classname="tests.Product_Test" name="addProductToCart_TC" time="14.305"/>
  <testcase classname="tests.Cart_Test" name="checkout_TC" time="13.363"/>
</testsuite> <!-- Regression Test -->
